<?xml version="1.0" encoding="UTF-8"?>
<testng-results skipped="0" failed="1" total="1" passed="0">
  <reporter-output>
  </reporter-output>
  <suite name="Default suite" duration-ms="23773" started-at="2017-08-17T15:58:55Z" finished-at="2017-08-17T15:59:18Z">
    <groups>
    </groups>
    <test name="Default test" duration-ms="23773" started-at="2017-08-17T15:58:55Z" finished-at="2017-08-17T15:59:18Z">
      <class name="tests.TC02_EditLead">
        <test-method status="PASS" signature="beforeSuite()[pri:0, instance:tests.TC02_EditLead@1fb3008]" name="beforeSuite" is-config="true" duration-ms="1144" started-at="2017-08-17T21:28:53Z" finished-at="2017-08-17T21:28:55Z">
          <reporter-output>
          </reporter-output>
        </test-method> <!-- beforeSuite -->
        <test-method status="PASS" signature="beforeTest()[pri:0, instance:tests.TC02_EditLead@1fb3008]" name="beforeTest" is-config="true" duration-ms="0" started-at="2017-08-17T21:28:55Z" finished-at="2017-08-17T21:28:55Z">
          <reporter-output>
          </reporter-output>
        </test-method> <!-- beforeTest -->
        <test-method status="PASS" signature="setvalues()[pri:0, instance:tests.TC02_EditLead@1fb3008]" name="setvalues" is-config="true" duration-ms="0" started-at="2017-08-17T21:28:55Z" finished-at="2017-08-17T21:28:55Z">
          <reporter-output>
          </reporter-output>
        </test-method> <!-- setvalues -->
        <test-method status="PASS" signature="beforeMethod()[pri:0, instance:tests.TC02_EditLead@1fb3008]" name="beforeMethod" is-config="true" duration-ms="7653" started-at="2017-08-17T21:28:56Z" finished-at="2017-08-17T21:29:03Z">
          <reporter-output>
          </reporter-output>
        </test-method> <!-- beforeMethod -->
        <test-method status="FAIL" signature="editlead(java.lang.String, java.lang.String, java.lang.String, java.lang.String)[pri:0, instance:tests.TC02_EditLead@1fb3008]" name="editlead" duration-ms="13208" started-at="2017-08-17T21:29:03Z" data-provider="fetchData" finished-at="2017-08-17T21:29:17Z">
          <params>
            <param index="0">
              <value>
                <![CDATA[Demosalesmanager]]>
              </value>
            </param>
            <param index="1">
              <value>
                <![CDATA[crmsfa]]>
              </value>
            </param>
            <param index="2">
              <value>
                <![CDATA[subramani]]>
              </value>
            </param>
            <param index="3">
              <value>
                <![CDATA[wipro]]>
              </value>
            </param>
          </params>
          <exception class="java.lang.RuntimeException">
            <message>
              <![CDATA[FAILED]]>
            </message>
            <full-stacktrace>
              <![CDATA[java.lang.RuntimeException: FAILED
	at utils.Reporter.reportStep(Reporter.java:31)
	at wrappers.GenericWrappers.clickByXpath(GenericWrappers.java:536)
	at pages.EditLead.clickfirstvalue(EditLead.java:23)
	at tests.TC02_EditLead.editlead(TC02_EditLead.java:34)
	at sun.reflect.NativeMethodAccessorImpl.invoke0(Native Method)
	at sun.reflect.NativeMethodAccessorImpl.invoke(Unknown Source)
	at sun.reflect.DelegatingMethodAccessorImpl.invoke(Unknown Source)
	at java.lang.reflect.Method.invoke(Unknown Source)
	at org.testng.internal.MethodInvocationHelper.invokeMethod(MethodInvocationHelper.java:86)
	at org.testng.internal.Invoker.invokeMethod(Invoker.java:643)
	at org.testng.internal.Invoker.invokeTestMethod(Invoker.java:820)
	at org.testng.internal.Invoker.invokeTestMethods(Invoker.java:1128)
	at org.testng.internal.TestMethodWorker.invokeTestMethods(TestMethodWorker.java:129)
	at org.testng.internal.TestMethodWorker.run(TestMethodWorker.java:112)
	at org.testng.TestRunner.privateRun(TestRunner.java:782)
	at org.testng.TestRunner.run(TestRunner.java:632)
	at org.testng.SuiteRunner.runTest(SuiteRunner.java:366)
	at org.testng.SuiteRunner.runSequentially(SuiteRunner.java:361)
	at org.testng.SuiteRunner.privateRun(SuiteRunner.java:319)
	at org.testng.SuiteRunner.run(SuiteRunner.java:268)
	at org.testng.SuiteRunnerWorker.runSuite(SuiteRunnerWorker.java:52)
	at org.testng.SuiteRunnerWorker.run(SuiteRunnerWorker.java:86)
	at org.testng.TestNG.runSuitesSequentially(TestNG.java:1244)
	at org.testng.TestNG.runSuitesLocally(TestNG.java:1169)
	at org.testng.TestNG.run(TestNG.java:1064)
	at org.testng.remote.RemoteTestNG.run(RemoteTestNG.java:113)
	at org.testng.remote.RemoteTestNG.initAndRun(RemoteTestNG.java:206)
	at org.testng.remote.RemoteTestNG.main(RemoteTestNG.java:177)
]]>
            </full-stacktrace>
          </exception> <!-- java.lang.RuntimeException -->
          <reporter-output>
          </reporter-output>
        </test-method> <!-- editlead -->
        <test-method status="PASS" signature="afterMethod()[pri:0, instance:tests.TC02_EditLead@1fb3008]" name="afterMethod" is-config="true" duration-ms="1610" started-at="2017-08-17T21:29:17Z" finished-at="2017-08-17T21:29:18Z">
          <reporter-output>
          </reporter-output>
        </test-method> <!-- afterMethod -->
        <test-method status="PASS" signature="afterTest()[pri:0, instance:tests.TC02_EditLead@1fb3008]" name="afterTest" is-config="true" duration-ms="0" started-at="2017-08-17T21:29:18Z" finished-at="2017-08-17T21:29:18Z">
          <reporter-output>
          </reporter-output>
        </test-method> <!-- afterTest -->
        <test-method status="PASS" signature="afterSuite()[pri:0, instance:tests.TC02_EditLead@1fb3008]" name="afterSuite" is-config="true" duration-ms="726" started-at="2017-08-17T21:29:18Z" finished-at="2017-08-17T21:29:19Z">
          <reporter-output>
          </reporter-output>
        </test-method> <!-- afterSuite -->
      </class> <!-- tests.TC02_EditLead -->
    </test> <!-- Default test -->
  </suite> <!-- Default suite -->
</testng-results>
